Start testing: May 01 22:35 EDT
----------------------------------------------------------
1/3 Testing: Testing/filePathTest
1/3 Test: Testing/filePathTest
Command: "/Users/michaelguarino/ShapePopulationViewer/Testing/filePathTest"
Directory: /Users/michaelguarino/ShapePopulationViewer
"Testing/filePathTest" start time: May 01 22:35 EDT
Output:
----------------------------------------------------------
<end of output>
Test time =   0.10 sec
----------------------------------------------------------
Test Failed.
"Testing/filePathTest" end time: May 01 22:35 EDT
"Testing/filePathTest" time elapsed: 00:00:00
----------------------------------------------------------

2/3 Testing: Testing/mapperTest
2/3 Test: Testing/mapperTest
Command: "/Users/michaelguarino/ShapePopulationViewer/Testing/mapperTest"
Directory: /Users/michaelguarino/ShapePopulationViewer
"Testing/mapperTest" start time: May 01 22:35 EDT
Output:
----------------------------------------------------------
<end of output>
Test time =   0.06 sec
----------------------------------------------------------
Test Passed.
"Testing/mapperTest" end time: May 01 22:35 EDT
"Testing/mapperTest" time elapsed: 00:00:00
----------------------------------------------------------

3/3 Testing: Testing/qVectorTests
3/3 Test: Testing/qVectorTests
Command: "/Users/michaelguarino/ShapePopulationViewer/Testing/qVectorTests"
Directory: /Users/michaelguarino/ShapePopulationViewer
"Testing/qVectorTests" start time: May 01 22:35 EDT
Output:
----------------------------------------------------------
<end of output>
Test time =   0.07 sec
----------------------------------------------------------
Test Passed.
"Testing/qVectorTests" end time: May 01 22:35 EDT
"Testing/qVectorTests" time elapsed: 00:00:00
----------------------------------------------------------

End testing: May 01 22:35 EDT
